<?xml version="1.0" encoding="UTF-8"?>
<testng-results skipped="0" failed="0" ignored="0" total="1" passed="1">
  <reporter-output>
  </reporter-output>
  <suite name="Default suite" duration-ms="14962" started-at="2020-03-04T04:17:08Z" finished-at="2020-03-04T04:17:23Z">
    <groups>
    </groups>
    <test name="Default test" duration-ms="14962" started-at="2020-03-04T04:17:08Z" finished-at="2020-03-04T04:17:23Z">
      <class name="test.LoginTest">
        <test-method status="PASS" signature="loginTest()[pri:0, instance:test.LoginTest@27efef64]" name="loginTest" duration-ms="14939" started-at="2020-03-03T22:17:08Z" finished-at="2020-03-03T22:17:23Z">
          <reporter-output>
          </reporter-output>
        </test-method> <!-- loginTest -->
      </class> <!-- test.LoginTest -->
    </test> <!-- Default test -->
  </suite> <!-- Default suite -->
</testng-results>
